<?xml version="1.0" encoding="UTF-8" ?>
<testsuite failures="0" time="0.019" errors="0" skipped="0" tests="1" name="com.hrzafer.javanta.AppTest">
  <properties>
    <property name="java.vendor" value="Sun Microsystems Inc."/>
    <property name="localRepository" value="C:\Users\hrzafer\.m2\repository"/>
    <property name="env.VS90COMNTOOLS" value="C:\Program Files (x86)\Microsoft Visual Studio 9.0\Common7\Tools\"/>
    <property name="sun.java.launcher" value="SUN_STANDARD"/>
    <property name="sun.management.compiler" value="HotSpot Client Compiler"/>
    <property name="env.PROMPT" value="$P$G"/>
    <property name="os.name" value="Windows 7"/>
    <property name="env.FP_NO_HOST_CHECK" value="NO"/>
    <property name="sun.boot.class.path" value="C:\Program Files (x86)\Java\jdk1.6.0_18\jre\lib\resources.jar;C:\Program Files (x86)\Java\jdk1.6.0_18\jre\lib\rt.jar;C:\Program Files (x86)\Java\jdk1.6.0_18\jre\lib\sunrsasign.jar;C:\Program Files (x86)\Java\jdk1.6.0_18\jre\lib\jsse.jar;C:\Program Files (x86)\Java\jdk1.6.0_18\jre\lib\jce.jar;C:\Program Files (x86)\Java\jdk1.6.0_18\jre\lib\charsets.jar;C:\Program Files (x86)\Java\jdk1.6.0_18\jre\classes"/>
    <property name="env.COMPUTERNAME" value="HRZAFER-PC"/>
    <property name="env.CommonProgramW6432" value="C:\Program Files\Common Files"/>
    <property name="env.ALLUSERSPROFILE" value="C:\ProgramData"/>
    <property name="sun.desktop" value="windows"/>
    <property name="java.vm.specification.vendor" value="Sun Microsystems Inc."/>
    <property name="java.runtime.version" value="1.6.0_18-b07"/>
    <property name="env.HOMEPATH" value="\Users\hrzafer"/>
    <property name="user.name" value="hrzafer"/>
    <property name="nb.show.statistics.ui" value="usageStatisticsEnabled"/>
    <property name="user.language" value="tr"/>
    <property name="sun.boot.library.path" value="C:\Program Files (x86)\Java\jdk1.6.0_18\jre\bin"/>
    <property name="java.version" value="1.6.0_18"/>
    <property name="env.PROCESSOR_IDENTIFIER" value="Intel64 Family 6 Model 15 Stepping 13, GenuineIntel"/>
    <property name="user.timezone" value="Europe/Athens"/>
    <property name="env.TEMP" value="C:\Users\hrzafer\AppData\Local\Temp"/>
    <property name="sun.arch.data.model" value="32"/>
    <property name="env.APR_ICONV_PATH" value="C:\Program Files (x86)\Subversion\iconv"/>
    <property name="http.nonProxyHosts" value="localhost|127.0.0.1|hrzafer-PC"/>
    <property name="java.endorsed.dirs" value="C:\Program Files (x86)\Java\jdk1.6.0_18\jre\lib\endorsed"/>
    <property name="env.PROCESSOR_ARCHITEW6432" value="AMD64"/>
    <property name="sun.cpu.isalist" value="pentium_pro+mmx pentium_pro pentium+mmx pentium i486 i386 i86"/>
    <property name="env.HOMEDRIVE" value="C:"/>
    <property name="sun.jnu.encoding" value="Cp1254"/>
    <property name="file.encoding.pkg" value="sun.io"/>
    <property name="file.separator" value="\"/>
    <property name="java.specification.name" value="Java Platform API Specification"/>
    <property name="java.class.version" value="50.0"/>
    <property name="user.country" value="TR"/>
    <property name="jna.boot.library.path" value="C:\Users\hrzafer\.netbeans\6.9\var\cache\jna"/>
    <property name="java.home" value="C:\Program Files (x86)\Java\jdk1.6.0_18\jre"/>
    <property name="env.PSModulePath" value="C:\Windows\system32\WindowsPowerShell\v1.0\Modules\"/>
    <property name="env.APPDATA" value="C:\Users\hrzafer\AppData\Roaming"/>
    <property name="env.PUBLIC" value="C:\Users\Public"/>
    <property name="java.vm.info" value="mixed mode"/>
    <property name="env.ComSpec" value="C:\Windows\system32\cmd.exe"/>
    <property name="env.OS" value="Windows_NT"/>
    <property name="env.CommonProgramFiles" value="C:\Program Files (x86)\Common Files"/>
    <property name="os.version" value="6.1"/>
    <property name="netbeans.system_http_proxy" value="DIRECT"/>
    <property name="env.ProgramW6432" value="C:\Program Files"/>
    <property name="https.nonProxyHosts" value="localhost|127.0.0.1|hrzafer-PC"/>
    <property name="sun.awt.keepWorkingSetOnMinimize" value="true"/>
    <property name="path.separator" value=";"/>
    <property name="java.vm.version" value="16.0-b13"/>
    <property name="env.USERPROFILE" value="C:\Users\hrzafer"/>
    <property name="user.variant" value=""/>
    <property name="java.awt.printerjob" value="sun.awt.windows.WPrinterJob"/>
    <property name="env.TMP" value="C:\Users\hrzafer\AppData\Local\Temp"/>
    <property name="sun.io.unicode.encoding" value="UnicodeLittle"/>
    <property name="awt.toolkit" value="sun.awt.windows.WToolkit"/>
    <property name="useJavaUtilZip" value="true"/>
    <property name="user.home" value="C:\Users\hrzafer"/>
    <property name="env.ProgramData" value="C:\ProgramData"/>
    <property name="env.SESSIONNAME" value="Console"/>
    <property name="env.ProgramFiles(x86)" value="C:\Program Files (x86)"/>
    <property name="java.specification.vendor" value="Sun Microsystems Inc."/>
    <property name="env.CLASSPATH" value="C:\Program Files (x86)\Weka-3-6\weka.jar;"/>
    <property name="apple.laf.useScreenMenuBar" value="true"/>
    <property name="org.xml.sax.driver" value="com.sun.org.apache.xerces.internal.jaxp.SAXParserImpl$JAXPSAXParser"/>
    <property name="env.NUMBER_OF_PROCESSORS" value="1"/>
    <property name="java.library.path" value="C:\Program Files (x86)\NetBeans 6.9\bin;.;C:\Windows\Sun\Java\bin;C:\Windows\system32;C:\Windows;C:\Windows\system32;C:\Windows;C:\Windows\System32\Wbem;C:\Windows\System32\WindowsPowerShell\v1.0\;C:\Program Files (x86)\Java\jdk1.6.0_18\bin;C:\Program Files (x86)\QuickTime Alternative\QTSystem;C:\Program Files (x86)\Microsoft SQL Server\90\Tools\binn\;C:\Program Files\TortoiseSVN\bin;C:\Program Files (x86)\Subversion\bin;C:\Program Files (x86)\Mendeley Desktop\wordPlugin;C:\Program Files (x86)\SSH Communications Security\SSH Secure Shell;C:\Program Files (x86)\Java\jdk1.6.0_18\bin"/>
    <property name="java.vendor.url" value="http://java.sun.com/"/>
    <property name="java.vm.vendor" value="Sun Microsystems Inc."/>
    <property name="java.runtime.name" value="Java(TM) SE Runtime Environment"/>
    <property name="java.class.path" value="C:\Users\hrzafer\.netbeans\6.9\lib\jfluid-server-15.jar;C:\Users\hrzafer\.netbeans\6.9\lib\jfluid-server-cvm.jar;C:\Users\hrzafer\.netbeans\6.9\lib\jfluid-server.jar;C:\Users\hrzafer\.netbeans\6.9\lib\locale\jfluid-server_ja.jar;C:\Users\hrzafer\.netbeans\6.9\lib\locale\jfluid-server_pt_BR.jar;C:\Users\hrzafer\.netbeans\6.9\lib\locale\jfluid-server_zh_CN.jar;C:\Program Files (x86)\NetBeans 6.9\platform\lib\boot.jar;C:\Program Files (x86)\NetBeans 6.9\platform\lib\org-openide-modules.jar;C:\Program Files (x86)\NetBeans 6.9\platform\lib\org-openide-util-lookup.jar;C:\Program Files (x86)\NetBeans 6.9\platform\lib\org-openide-util.jar;C:\Program Files (x86)\NetBeans 6.9\platform\lib\locale\boot_ja.jar;C:\Program Files (x86)\NetBeans 6.9\platform\lib\locale\boot_pt_BR.jar;C:\Program Files (x86)\NetBeans 6.9\platform\lib\locale\boot_zh_CN.jar;C:\Program Files (x86)\NetBeans 6.9\platform\lib\locale\org-openide-modules_ja.jar;C:\Program Files (x86)\NetBeans 6.9\platform\lib\locale\org-openide-modules_pt_BR.jar;C:\Program Files (x86)\NetBeans 6.9\platform\lib\locale\org-openide-modules_zh_CN.jar;C:\Program Files (x86)\NetBeans 6.9\platform\lib\locale\org-openide-util-lookup_ja.jar;C:\Program Files (x86)\NetBeans 6.9\platform\lib\locale\org-openide-util-lookup_pt_BR.jar;C:\Program Files (x86)\NetBeans 6.9\platform\lib\locale\org-openide-util-lookup_zh_CN.jar;C:\Program Files (x86)\NetBeans 6.9\platform\lib\locale\org-openide-util_ja.jar;C:\Program Files (x86)\NetBeans 6.9\platform\lib\locale\org-openide-util_pt_BR.jar;C:\Program Files (x86)\NetBeans 6.9\platform\lib\locale\org-openide-util_zh_CN.jar;C:\Program Files (x86)\Java\jdk1.6.0_18\lib\dt.jar;C:\Program Files (x86)\Java\jdk1.6.0_18\lib\tools.jar"/>
    <property name="sun.java2d.noddraw" value="true"/>
    <property name="java.vm.specification.name" value="Java Virtual Machine Specification"/>
    <property name="jdk.home" value="C:\Program Files (x86)\Java\jdk1.6.0_18"/>
    <property name="env.windir" value="C:\Windows"/>
    <property name="env.LOGONSERVER" value="\\HRZAFER-PC"/>
    <property name="org.openide.specification.version" value="6.2"/>
    <property name="java.vm.specification.version" value="1.0"/>
    <property name="env.PROCESSOR_ARCHITECTURE" value="x86"/>
    <property name="sun.os.patch.level" value=""/>
    <property name="sun.cpu.endian" value="little"/>
    <property name="env.ProgramFiles" value="C:\Program Files (x86)"/>
    <property name="surefire.test.class.path" value="C:\Users\hrzafer\Documents\NetBeansProjects\javanta\target\test-classes;C:\Users\hrzafer\Documents\NetBeansProjects\javanta\target\classes;C:\Users\hrzafer\.m2\repository\junit\junit\3.8.1\junit-3.8.1.jar;"/>
    <property name="java.io.tmpdir" value="C:\Users\hrzafer\AppData\Local\Temp\"/>
    <property name="env.PROCESSOR_REVISION" value="0f0d"/>
    <property name="env.CommonProgramFiles(x86)" value="C:\Program Files (x86)\Common Files"/>
    <property name="env.VBOX_INSTALL_PATH" value="C:\Program Files\Sun\VirtualBox\"/>
    <property name="java.vendor.url.bug" value="http://java.sun.com/cgi-bin/bugreport.cgi"/>
    <property name="env.SystemRoot" value="C:\Windows"/>
    <property name="java.awt.graphicsenv" value="sun.awt.Win32GraphicsEnvironment"/>
    <property name="os.arch" value="x86"/>
    <property name="java.ext.dirs" value="C:\Program Files (x86)\Java\jdk1.6.0_18\jre\lib\ext;C:\Windows\Sun\Java\lib\ext"/>
    <property name="user.dir" value="C:\Users\hrzafer\Documents\NetBeansProjects\javanta"/>
    <property name="env.LOCALAPPDATA" value="C:\Users\hrzafer\AppData\Local"/>
    <property name="line.separator" value="
"/>
    <property name="java.vm.name" value="Java HotSpot(TM) Client VM"/>
    <property name="env.PATHEXT" value=".COM;.EXE;.BAT;.CMD;.VBS;.VBE;.JS;.JSE;.WSF;.WSH;.MSC"/>
    <property name="env.Path" value="C:\Windows\system32;C:\Windows;C:\Windows\System32\Wbem;C:\Windows\System32\WindowsPowerShell\v1.0\;C:\Program Files (x86)\Java\jdk1.6.0_18\bin;C:\Program Files (x86)\QuickTime Alternative\QTSystem;C:\Program Files (x86)\Microsoft SQL Server\90\Tools\binn\;C:\Program Files\TortoiseSVN\bin;C:\Program Files (x86)\Subversion\bin;C:\Program Files (x86)\Mendeley Desktop\wordPlugin;C:\Program Files (x86)\SSH Communications Security\SSH Secure Shell;C:\Program Files (x86)\Java\jdk1.6.0_18\bin"/>
    <property name="basedir" value="C:\Users\hrzafer\Documents\NetBeansProjects\javanta"/>
    <property name="maven.mode.standalone" value="true"/>
    <property name="env.USERNAME" value="hrzafer"/>
    <property name="env.SystemDrive" value="C:"/>
    <property name="file.encoding" value="Cp1254"/>
    <property name="netbeans.execution" value="true"/>
    <property name="env.USERDOMAIN" value="hrzafer-PC"/>
    <property name="java.specification.version" value="1.6"/>
    <property name="env.PROCESSOR_LEVEL" value="6"/>
  </properties>
  <testcase time="0.002" classname="com.hrzafer.javanta.AppTest" name="testApp"/>
</testsuite>